TN:
SF:dist/src/utils/logger.js
FN:2,(anonymous_0)
FN:18,(anonymous_1)
FN:20,(anonymous_2)
FN:23,(anonymous_3)
FNF:4
FNH:4
FNDA:3,(anonymous_0)
FNDA:3,(anonymous_1)
FNDA:18,(anonymous_2)
FNDA:3,(anonymous_3)
DA:2,3
DA:3,3
DA:5,3
DA:6,3
DA:7,3
DA:18,3
DA:21,18
DA:24,3
DA:28,3
DA:29,3
LF:10
LH:10
BRDA:2,0,0,3
BRDA:2,0,1,3
BRDA:2,0,2,3
BRDA:3,1,0,0
BRDA:3,1,1,3
BRDA:3,2,0,3
BRDA:3,2,1,3
BRF:7
BRH:6
end_of_record
TN:
SF:dist/tests/base.js
FNF:0
FNH:0
DA:2,4
DA:3,4
DA:4,4
DA:6,4
DA:7,4
DA:8,4
DA:9,4
DA:10,4
LF:8
LH:8
BRF:0
BRH:0
end_of_record
TN:
SF:dist/tests/seed.js
FN:6,rand
FN:9,seed
FN:28,wait
FN:29,(anonymous_3)
FN:192,(anonymous_4)
FN:198,(anonymous_5)
FNF:6
FNH:2
FNDA:0,rand
FNDA:0,seed
FNDA:0,wait
FNDA:0,(anonymous_3)
FNDA:15,(anonymous_4)
FNDA:15,(anonymous_5)
DA:2,3
DA:3,3
DA:4,3
DA:5,3
DA:7,0
DA:10,0
DA:11,0
DA:12,0
DA:14,0
DA:15,0
DA:17,0
DA:18,0
DA:20,0
DA:21,0
DA:23,0
DA:24,0
DA:26,0
DA:29,0
DA:31,3
DA:32,3
DA:54,3
DA:96,3
DA:143,3
DA:170,3
DA:192,15
DA:198,15
LF:26
LH:12
BRDA:6,0,0,0
BRF:1
BRH:0
end_of_record
